<?xml version="1.0" encoding="UTF-8"?>
<testsuite name="com.example.payments.controller.PaymentControllerTest" tests="0" skipped="0" failures="0" errors="0" timestamp="1970-01-01T00:00:00" hostname="Rickeys-MacBook-Pro.local" time="0.0">
  <properties/>
  <system-out><![CDATA[08:49:11.582 [Test worker] INFO org.springframework.test.context.support.AnnotationConfigContextLoaderUtils -- Could not detect default configuration classes for test class [com.example.payments.controller.PaymentControllerTest]: PaymentControllerTest does not declare any static, non-private, non-final, nested classes annotated with @Configuration.
08:49:11.664 [Test worker] INFO org.springframework.boot.test.context.SpringBootTestContextBootstrapper -- Found @SpringBootConfiguration com.example.payments.PaymentsApplication for test class com.example.payments.controller.PaymentControllerTest
]]></system-out>
  <system-err><![CDATA[]]></system-err>
</testsuite>
