<?xml version="1.0" encoding="UTF-8"?>
<testsuite name="getPayment" tests="2" skipped="0" failures="0" errors="0" timestamp="2025-12-11T13:49:16" hostname="Rickeys-MacBook-Pro.local" time="0.002">
  <properties/>
  <testcase name="should return payment when found" classname="com.example.payments.service.PaymentServiceTest$GetPayment" time="0.001"/>
  <testcase name="should throw exception when payment not found" classname="com.example.payments.service.PaymentServiceTest$GetPayment" time="0.001"/>
  <system-out><![CDATA[]]></system-out>
  <system-err><![CDATA[]]></system-err>
</testsuite>
