<?xml version="1.0" encoding="UTF-8"?>
<testsuite name="refundPayment" tests="2" skipped="0" failures="0" errors="0" timestamp="2025-12-11T13:49:16" hostname="Rickeys-MacBook-Pro.local" time="0.078">
  <properties/>
  <testcase name="should refund completed payment" classname="com.example.payments.service.PaymentServiceTest$RefundPayment" time="0.075"/>
  <testcase name="should throw exception when refunding non-completed payment" classname="com.example.payments.service.PaymentServiceTest$RefundPayment" time="0.003"/>
  <system-out><![CDATA[2025-12-11 08:49:16.444 ?[34mINFO ?[0;39m [Test worker] ?[36mc.e.payments.service.PaymentService?[0;39m - Processing refund
2025-12-11 08:49:16.445 ?[34mINFO ?[0;39m [Test worker] ?[36mc.e.payments.service.PaymentService?[0;39m - Refund processed successfully
2025-12-11 08:49:16.447 ?[34mINFO ?[0;39m [Test worker] ?[36mc.e.payments.service.PaymentService?[0;39m - Processing refund
]]></system-out>
  <system-err><![CDATA[]]></system-err>
</testsuite>
