<?xml version="1.0" encoding="UTF-8"?>
<testsuite name="POST /api/v1/payments/{id}/refund" tests="1" skipped="0" failures="0" errors="0" timestamp="2025-12-11T13:49:13" hostname="Rickeys-MacBook-Pro.local" time="0.143">
  <properties/>
  <testcase name="should refund payment and return 200" classname="com.example.payments.controller.PaymentControllerTest$RefundPaymentEndpoint" time="0.143"/>
  <system-out><![CDATA[08:49:11.681 [Test worker] INFO org.springframework.test.context.support.AnnotationConfigContextLoaderUtils -- Could not detect default configuration classes for test class [com.example.payments.controller.PaymentControllerTest$RefundPaymentEndpoint]: RefundPaymentEndpoint does not declare any static, non-private, non-final, nested classes annotated with @Configuration.
08:49:11.685 [Test worker] INFO org.springframework.boot.test.context.SpringBootTestContextBootstrapper -- Found @SpringBootConfiguration com.example.payments.PaymentsApplication for test class com.example.payments.controller.PaymentControllerTest$RefundPaymentEndpoint

  .   ____          _            __ _ _
 /\\ / ___'_ __ _ _(_)_ __  __ _ \ \ \ \
( ( )\___ | '_ | '_| | '_ \/ _` | \ \ \ \
 \\/  ___)| |_)| | | | | || (_| |  ) ) ) )
  '  |____| .__|_| |_|_| |_\__, | / / / /
 =========|_|==============|___/=/_/_/_/
 :: Spring Boot ::                (v3.2.1)

2025-12-11 08:49:11.970 ?[34mINFO ?[0;39m [Test worker] ?[36mc.e.p.c.PaymentControllerTest?[0;39m - Starting PaymentControllerTest using Java 21.0.9 with PID 9248 (started by rickeyzachary in /Users/rickeyzachary/Workspace/payment-rest-api)
2025-12-11 08:49:11.970 ?[39mDEBUG?[0;39m [Test worker] ?[36mc.e.p.c.PaymentControllerTest?[0;39m - Running with Spring Boot v3.2.1, Spring v6.1.2
2025-12-11 08:49:11.970 ?[34mINFO ?[0;39m [Test worker] ?[36mc.e.p.c.PaymentControllerTest?[0;39m - The following 1 profile is active: "local"
2025-12-11 08:49:12.926 ?[31mWARN ?[0;39m [Test worker] ?[36mo.s.b.a.s.s.UserDetailsServiceAutoConfiguration?[0;39m - 

Using generated security password: f4889447-4088-46e8-bd0f-1475667aecf9

This generated password is for development use only. Your security configuration must be updated before running your application in production.

2025-12-11 08:49:13.211 ?[34mINFO ?[0;39m [Test worker] ?[36mo.s.s.web.DefaultSecurityFilterChain?[0;39m - Will secure any request with [org.springframework.security.web.session.DisableEncodeUrlFilter@7e93497d, org.springframework.security.web.context.request.async.WebAsyncManagerIntegrationFilter@1fba15d7, org.springframework.security.web.context.SecurityContextHolderFilter@564b86b, org.springframework.security.web.header.HeaderWriterFilter@1dc26de5, org.springframework.web.filter.CorsFilter@c8dc1ef, org.springframework.security.web.authentication.logout.LogoutFilter@71dc03a, org.springframework.security.web.savedrequest.RequestCacheAwareFilter@1805b503, org.springframework.security.web.servletapi.SecurityContextHolderAwareRequestFilter@73b6fbd1, org.springframework.security.web.authentication.AnonymousAuthenticationFilter@21f4f5d4, org.springframework.security.web.session.SessionManagementFilter@1b136640, org.springframework.security.web.access.ExceptionTranslationFilter@75a955bf, org.springframework.security.web.access.intercept.AuthorizationFilter@7bbd133c]
2025-12-11 08:49:13.354 ?[34mINFO ?[0;39m [Test worker] ?[36mo.s.b.t.m.w.SpringBootMockServletContext?[0;39m - Initializing Spring TestDispatcherServlet ''
2025-12-11 08:49:13.354 ?[34mINFO ?[0;39m [Test worker] ?[36mo.s.t.w.s.TestDispatcherServlet?[0;39m - Initializing Servlet ''
2025-12-11 08:49:13.355 ?[34mINFO ?[0;39m [Test worker] ?[36mo.s.t.w.s.TestDispatcherServlet?[0;39m - Completed initialization in 1 ms
2025-12-11 08:49:13.375 ?[34mINFO ?[0;39m [Test worker] ?[36mc.e.p.c.PaymentControllerTest?[0;39m - Started PaymentControllerTest in 1.659 seconds (process running for 7.336)
]]></system-out>
  <system-err><![CDATA[WARNING: A Java agent has been loaded dynamically (/Users/rickeyzachary/.gradle/caches/modules-2/files-2.1/net.bytebuddy/byte-buddy-agent/1.14.10/90ed94ac044ea8953b224304c762316e91fd6b31/byte-buddy-agent-1.14.10.jar)
WARNING: If a serviceability tool is in use, please run with -XX:+EnableDynamicAgentLoading to hide this warning
WARNING: If a serviceability tool is not in use, please run with -Djdk.instrument.traceUsage for more information
WARNING: Dynamic loading of agents will be disallowed by default in a future release
]]></system-err>
</testsuite>
